mode: set
iot-platform/cmd/api/config.go:20.54,22.16 2 0
iot-platform/cmd/api/config.go:22.16,24.3 1 0
iot-platform/cmd/api/config.go:26.2,27.55 2 0
iot-platform/cmd/api/config.go:27.55,29.3 1 0
iot-platform/cmd/api/config.go:31.2,31.32 1 0
iot-platform/cmd/api/config.go:31.32,33.3 1 0
iot-platform/cmd/api/config.go:34.2,34.32 1 0
iot-platform/cmd/api/config.go:34.32,36.3 1 0
iot-platform/cmd/api/config.go:38.2,38.32 1 0
iot-platform/cmd/api/config.go:38.32,40.3 1 0
iot-platform/cmd/api/config.go:42.2,42.32 1 0
iot-platform/cmd/api/config.go:42.32,44.3 1 0
iot-platform/cmd/api/config.go:46.2,46.30 1 0
iot-platform/cmd/api/config.go:46.30,48.3 1 0
iot-platform/cmd/api/config.go:50.2,50.21 1 0
iot-platform/cmd/api/main.go:11.13,13.16 2 0
iot-platform/cmd/api/main.go:13.16,15.3 1 0
iot-platform/cmd/api/main.go:17.2,18.16 2 0
iot-platform/cmd/api/main.go:18.16,20.3 1 0
iot-platform/cmd/api/main.go:21.2,24.16 3 0
iot-platform/cmd/api/main.go:24.16,26.3 1 0
iot-platform/cmd/api/main.go:27.2,34.16 3 0
iot-platform/cmd/api/main.go:34.16,36.3 1 0
iot-platform/internal/service/device_service.go:22.74,26.2 1 0
iot-platform/internal/service/device_service.go:28.88,30.16 2 0
iot-platform/internal/service/device_service.go:30.16,32.3 1 0
iot-platform/internal/service/device_service.go:34.2,34.12 1 0
iot-platform/internal/service/device_service.go:37.102,39.16 2 0
iot-platform/internal/service/device_service.go:39.16,41.3 1 0
iot-platform/internal/service/device_service.go:43.2,43.26 1 0
iot-platform/internal/service/device_service.go:43.26,45.3 1 0
iot-platform/internal/service/device_service.go:46.2,46.28 1 0
iot-platform/internal/service/device_service.go:46.28,48.3 1 0
iot-platform/internal/service/device_service.go:49.2,52.16 3 0
iot-platform/internal/service/device_service.go:52.16,54.3 1 0
iot-platform/internal/service/device_service.go:56.2,56.12 1 0
iot-platform/internal/service/device_service.go:59.96,61.16 2 0
iot-platform/internal/service/device_service.go:61.16,63.3 1 0
iot-platform/internal/service/device_service.go:65.2,65.20 1 0
iot-platform/internal/service/device_service.go:68.109,70.16 2 0
iot-platform/internal/service/device_service.go:70.16,72.3 1 0
iot-platform/internal/service/device_service.go:74.2,74.21 1 0
iot-platform/internal/service/device_service.go:77.77,79.16 2 0
iot-platform/internal/service/device_service.go:79.16,81.3 1 0
iot-platform/internal/service/device_service.go:83.2,83.12 1 0
iot-platform/internal/database/postgres.go:16.69,20.16 3 0
iot-platform/internal/database/postgres.go:20.16,22.3 1 0
iot-platform/internal/database/postgres.go:24.2,24.16 1 0
iot-platform/internal/database/postgres.go:31.81,32.34 1 1
iot-platform/internal/database/postgres.go:32.34,34.3 1 1
iot-platform/internal/database/postgres.go:36.2,38.8 1 1
iot-platform/internal/database/postgres.go:41.97,42.21 1 1
iot-platform/internal/database/postgres.go:42.21,46.17 3 1
iot-platform/internal/database/postgres.go:46.17,48.4 1 1
iot-platform/internal/database/postgres.go:50.3,50.13 1 1
iot-platform/internal/database/postgres.go:51.8,53.17 2 1
iot-platform/internal/database/postgres.go:53.17,55.4 1 1
iot-platform/internal/database/postgres.go:57.3,57.13 1 1
iot-platform/internal/database/postgres.go:62.107,68.16 4 1
iot-platform/internal/database/postgres.go:68.16,70.3 1 1
iot-platform/internal/database/postgres.go:72.2,72.21 1 1
iot-platform/internal/database/postgres.go:75.88,77.16 2 1
iot-platform/internal/database/postgres.go:77.16,79.3 1 1
iot-platform/internal/database/postgres.go:81.2,82.16 2 1
iot-platform/internal/database/postgres.go:82.16,84.3 1 1
iot-platform/internal/database/postgres.go:86.2,86.23 1 1
iot-platform/internal/database/postgres.go:86.23,88.3 1 1
iot-platform/internal/database/postgres.go:90.2,90.12 1 1
iot-platform/internal/database/postgres.go:93.119,95.16 2 1
iot-platform/internal/database/postgres.go:95.16,97.3 1 1
iot-platform/internal/database/postgres.go:98.2,101.18 3 1
iot-platform/internal/database/postgres.go:101.18,104.17 3 0
iot-platform/internal/database/postgres.go:104.17,106.4 1 0
iot-platform/internal/database/postgres.go:108.3,108.37 1 0
iot-platform/internal/database/postgres.go:111.2,112.16 2 1
iot-platform/internal/database/postgres.go:112.16,114.3 1 1
iot-platform/internal/database/postgres.go:116.2,116.21 1 1
